Connecting to database specified by database.yml
Connecting to database specified by database.yml
Connecting to database specified by database.yml


Started GET "/assets/rails.png" for 127.0.0.1 at 2013-05-08 14:35:59 +0300
Served asset /rails.png - 200 OK (3ms)
Connecting to database specified by database.yml
Connecting to database specified by database.yml
Connecting to database specified by database.yml
Connecting to database specified by database.yml
Connecting to database specified by database.yml
Connecting to database specified by database.yml
Connecting to database specified by database.yml
Connecting to database specified by database.yml
Connecting to database specified by database.yml
Connecting to database specified by database.yml
  [1m[36m (80.3ms)[0m  [1mCREATE TABLE `schema_migrations` (`version` varchar(255) NOT NULL) ENGINE=InnoDB[0m
  [1m[35m (174.6ms)[0m  CREATE UNIQUE INDEX `unique_schema_migrations` ON `schema_migrations` (`version`)
  [1m[36m (32.5ms)[0m  [1mSELECT `schema_migrations`.`version` FROM `schema_migrations` [0m
Migrating to DeviseCreateUsers (20130508122738)
  [1m[35m (63.3ms)[0m  CREATE TABLE `users` (`id` int(11) DEFAULT NULL auto_increment PRIMARY KEY, `email` varchar(255) DEFAULT '' NOT NULL, `encrypted_password` varchar(255) DEFAULT '' NOT NULL, `reset_password_token` varchar(255), `reset_password_sent_at` datetime, `remember_created_at` datetime, `sign_in_count` int(11) DEFAULT 0, `current_sign_in_at` datetime, `last_sign_in_at` datetime, `current_sign_in_ip` varchar(255), `last_sign_in_ip` varchar(255), `created_at` datetime NOT NULL, `updated_at` datetime NOT NULL) ENGINE=InnoDB
  [1m[36m (131.7ms)[0m  [1mCREATE UNIQUE INDEX `index_users_on_email` ON `users` (`email`)[0m
  [1m[35m (123.4ms)[0m  CREATE UNIQUE INDEX `index_users_on_reset_password_token` ON `users` (`reset_password_token`)
  [1m[36m (23.8ms)[0m  [1mINSERT INTO `schema_migrations` (`version`) VALUES ('20130508122738')[0m
Migrating to AddNameToUsers (20130508122742)
  [1m[35m (138.1ms)[0m  ALTER TABLE `users` ADD `name` varchar(255)
  [1m[36m (32.1ms)[0m  [1mINSERT INTO `schema_migrations` (`version`) VALUES ('20130508122742')[0m
Migrating to RolifyCreateRoles (20130508122750)
  [1m[35m (62.5ms)[0m  CREATE TABLE `roles` (`id` int(11) DEFAULT NULL auto_increment PRIMARY KEY, `name` varchar(255), `resource_id` int(11), `resource_type` varchar(255), `created_at` datetime NOT NULL, `updated_at` datetime NOT NULL) ENGINE=InnoDB
  [1m[36m (75.1ms)[0m  [1mCREATE TABLE `users_roles` (`user_id` int(11), `role_id` int(11)) ENGINE=InnoDB[0m
  [1m[35m (131.8ms)[0m  CREATE INDEX `index_roles_on_name` ON `roles` (`name`)
  [1m[36m (123.8ms)[0m  [1mCREATE INDEX `index_roles_on_name_and_resource_type_and_resource_id` ON `roles` (`name`, `resource_type`, `resource_id`)[0m
  [1m[35m (123.9ms)[0m  CREATE INDEX `index_users_roles_on_user_id_and_role_id` ON `users_roles` (`user_id`, `role_id`)
  [1m[36m (32.3ms)[0m  [1mINSERT INTO `schema_migrations` (`version`) VALUES ('20130508122750')[0m
  [1m[35m (0.6ms)[0m  SELECT `schema_migrations`.`version` FROM `schema_migrations` 
Connecting to database specified by database.yml
  [1m[36m (1.6ms)[0m  [1mSELECT `schema_migrations`.`version` FROM `schema_migrations` [0m
  [1m[35m (0.5ms)[0m  DROP DATABASE IF EXISTS `ORM_Mini_test`
  [1m[36m (0.3ms)[0m  [1mCREATE DATABASE `ORM_Mini_test` DEFAULT CHARACTER SET `utf8` COLLATE `utf8_unicode_ci`[0m
  [1m[35m (56.2ms)[0m  CREATE TABLE `roles` (`id` int(11) DEFAULT NULL auto_increment PRIMARY KEY, `name` varchar(255), `resource_id` int(11), `resource_type` varchar(255), `created_at` datetime NOT NULL, `updated_at` datetime NOT NULL) ENGINE=InnoDB
  [1m[36m (116.2ms)[0m  [1mCREATE INDEX `index_roles_on_name_and_resource_type_and_resource_id` ON `roles` (`name`, `resource_type`, `resource_id`)[0m
  [1m[35m (123.2ms)[0m  CREATE INDEX `index_roles_on_name` ON `roles` (`name`)
  [1m[36m (67.8ms)[0m  [1mCREATE TABLE `users` (`id` int(11) DEFAULT NULL auto_increment PRIMARY KEY, `email` varchar(255) DEFAULT '' NOT NULL, `encrypted_password` varchar(255) DEFAULT '' NOT NULL, `reset_password_token` varchar(255), `reset_password_sent_at` datetime, `remember_created_at` datetime, `sign_in_count` int(11) DEFAULT 0, `current_sign_in_at` datetime, `last_sign_in_at` datetime, `current_sign_in_ip` varchar(255), `last_sign_in_ip` varchar(255), `created_at` datetime NOT NULL, `updated_at` datetime NOT NULL, `name` varchar(255)) ENGINE=InnoDB[0m
  [1m[35m (140.8ms)[0m  CREATE UNIQUE INDEX `index_users_on_email` ON `users` (`email`)
  [1m[36m (132.0ms)[0m  [1mCREATE UNIQUE INDEX `index_users_on_reset_password_token` ON `users` (`reset_password_token`)[0m
  [1m[35m (55.2ms)[0m  CREATE TABLE `users_roles` (`user_id` int(11), `role_id` int(11)) ENGINE=InnoDB
  [1m[36m (115.5ms)[0m  [1mCREATE INDEX `index_users_roles_on_user_id_and_role_id` ON `users_roles` (`user_id`, `role_id`)[0m
  [1m[35m (56.0ms)[0m  CREATE TABLE `schema_migrations` (`version` varchar(255) NOT NULL) ENGINE=InnoDB
  [1m[36m (141.6ms)[0m  [1mCREATE UNIQUE INDEX `unique_schema_migrations` ON `schema_migrations` (`version`)[0m
  [1m[35m (0.6ms)[0m  SELECT version FROM `schema_migrations`
  [1m[36m (29.8ms)[0m  [1mINSERT INTO `schema_migrations` (version) VALUES ('20130508122750')[0m
  [1m[35m (33.0ms)[0m  INSERT INTO `schema_migrations` (version) VALUES ('20130508122738')
  [1m[36m (33.1ms)[0m  [1mINSERT INTO `schema_migrations` (version) VALUES ('20130508122742')[0m
Connecting to database specified by database.yml
  [1m[36m (1.6ms)[0m  [1mSELECT `schema_migrations`.`version` FROM `schema_migrations` [0m
  [1m[35mRole Load (0.7ms)[0m  SELECT `roles`.* FROM `roles` WHERE `roles`.`name` = 'admin' LIMIT 1
  [1m[36m (0.2ms)[0m  [1mBEGIN[0m
  [1m[35mSQL (0.7ms)[0m  INSERT INTO `roles` (`created_at`, `name`, `resource_id`, `resource_type`, `updated_at`) VALUES ('2013-05-08 12:28:16', 'admin', NULL, NULL, '2013-05-08 12:28:16')
  [1m[36m (26.8ms)[0m  [1mCOMMIT[0m
  [1m[35mRole Load (0.5ms)[0m  SELECT `roles`.* FROM `roles` WHERE `roles`.`name` = 'user' LIMIT 1
  [1m[36m (0.1ms)[0m  [1mBEGIN[0m
  [1m[35mSQL (0.4ms)[0m  INSERT INTO `roles` (`created_at`, `name`, `resource_id`, `resource_type`, `updated_at`) VALUES ('2013-05-08 12:28:16', 'user', NULL, NULL, '2013-05-08 12:28:16')
  [1m[36m (33.3ms)[0m  [1mCOMMIT[0m
  [1m[35mRole Load (0.7ms)[0m  SELECT `roles`.* FROM `roles` WHERE `roles`.`name` = 'VIP' LIMIT 1
  [1m[36m (0.2ms)[0m  [1mBEGIN[0m
  [1m[35mSQL (0.5ms)[0m  INSERT INTO `roles` (`created_at`, `name`, `resource_id`, `resource_type`, `updated_at`) VALUES ('2013-05-08 12:28:16', 'VIP', NULL, NULL, '2013-05-08 12:28:16')
  [1m[36m (26.6ms)[0m  [1mCOMMIT[0m
  [1m[35mUser Load (0.7ms)[0m  SELECT `users`.* FROM `users` WHERE `users`.`email` = 'user@example.com' LIMIT 1
  [1m[36m (0.2ms)[0m  [1mBEGIN[0m
  [1m[35mUser Exists (0.6ms)[0m  SELECT 1 AS one FROM `users` WHERE `users`.`email` = BINARY 'user@example.com' LIMIT 1
  [1m[36mSQL (0.5ms)[0m  [1mINSERT INTO `users` (`created_at`, `current_sign_in_at`, `current_sign_in_ip`, `email`, `encrypted_password`, `last_sign_in_at`, `last_sign_in_ip`, `name`, `remember_created_at`, `reset_password_sent_at`, `reset_password_token`, `sign_in_count`, `updated_at`) VALUES ('2013-05-08 12:28:16', NULL, NULL, 'user@example.com', '$2a$10$iEYod47QBjPualOu3hH.fuIjqAmp6GZKHqS.UFu7FwKPX5d/.JYMq', NULL, NULL, 'First User', NULL, NULL, NULL, 0, '2013-05-08 12:28:16')[0m
  [1m[35m (33.2ms)[0m  COMMIT
  [1m[36mRole Load (0.9ms)[0m  [1mSELECT `roles`.* FROM `roles` WHERE `roles`.`name` = 'admin' AND `roles`.`resource_type` IS NULL AND `roles`.`resource_id` IS NULL LIMIT 1[0m
  [1m[35mRole Exists (0.6ms)[0m  SELECT 1 AS one FROM `roles` INNER JOIN `users_roles` ON `roles`.`id` = `users_roles`.`role_id` WHERE `users_roles`.`user_id` = 1 AND `roles`.`id` = 1 LIMIT 1
  [1m[36m (0.6ms)[0m  [1mSELECT `roles`.id FROM `roles` INNER JOIN `users_roles` ON `roles`.`id` = `users_roles`.`role_id` WHERE `users_roles`.`user_id` = 1[0m
  [1m[35mRole Load (0.5ms)[0m  SELECT `roles`.* FROM `roles` WHERE `roles`.`id` = 1 LIMIT 1
  [1m[36mRole Load (0.8ms)[0m  [1mSELECT `roles`.* FROM `roles` INNER JOIN `users_roles` ON `roles`.`id` = `users_roles`.`role_id` WHERE `users_roles`.`user_id` = 1[0m
  [1m[35m (0.2ms)[0m  BEGIN
  [1m[36m (0.5ms)[0m  [1mINSERT INTO `users_roles` (`user_id`, `role_id`) VALUES (1, 1)[0m
  [1m[35m (48.2ms)[0m  COMMIT
Connecting to database specified by database.yml
Connecting to database specified by database.yml


Started GET "/" for 127.0.0.1 at 2013-05-08 15:32:15 +0300
Processing by HomeController#index as HTML
  [1m[36mUser Load (0.2ms)[0m  [1mSELECT `users`.* FROM `users` [0m
  Rendered home/index.html.haml within layouts/application (10.6ms)
Compiled home.css  (32ms)  (pid 10998)
Compiled normalize.css  (0ms)  (pid 10998)
Compiled application.css  (123ms)  (pid 10998)
Compiled jquery.js  (2ms)  (pid 10998)
Compiled jquery_ujs.js  (0ms)  (pid 10998)
Compiled home.js  (143ms)  (pid 10998)
Compiled application.js  (261ms)  (pid 10998)
  Rendered layouts/_navigation.html.haml (2.8ms)
  Rendered layouts/_messages.html.haml (1.0ms)
Completed 200 OK in 738ms (Views: 632.8ms | ActiveRecord: 1.4ms)


Started GET "/" for 127.0.0.1 at 2013-05-08 15:32:21 +0300
Processing by HomeController#index as HTML
  [1m[35mUser Load (0.5ms)[0m  SELECT `users`.* FROM `users` 
  Rendered home/index.html.haml within layouts/application (0.7ms)
  Rendered layouts/_navigation.html.haml (0.7ms)
  Rendered layouts/_messages.html.haml (0.1ms)
Completed 200 OK in 39ms (Views: 37.7ms | ActiveRecord: 0.5ms)


Started GET "/" for 127.0.0.1 at 2013-05-08 15:32:21 +0300
Processing by HomeController#index as HTML
  [1m[36mUser Load (0.1ms)[0m  [1mSELECT `users`.* FROM `users` [0m
  Rendered home/index.html.haml within layouts/application (0.6ms)
  Rendered layouts/_navigation.html.haml (1.0ms)
  Rendered layouts/_messages.html.haml (0.1ms)
Completed 200 OK in 78ms (Views: 77.1ms | ActiveRecord: 0.1ms)


Started GET "/users/1" for 127.0.0.1 at 2013-05-08 15:32:48 +0300
Processing by UsersController#show as HTML
  Parameters: {"id"=>"1"}
Completed 401 Unauthorized in 10ms


Started GET "/users/sign_in" for 127.0.0.1 at 2013-05-08 15:32:48 +0300
Processing by Devise::SessionsController#new as HTML
  Rendered devise/shared/_links.html.haml (2.8ms)
  Rendered devise/sessions/new.html.haml within layouts/application (247.8ms)
  Rendered layouts/_navigation.html.haml (0.8ms)
  Rendered layouts/_messages.html.haml (0.1ms)
Completed 200 OK in 292ms (Views: 290.8ms | ActiveRecord: 0.0ms)


Started POST "/users/sign_in" for 127.0.0.1 at 2013-05-08 15:33:05 +0300
Processing by Devise::SessionsController#create as HTML
  Parameters: {"utf8"=>"✓", "authenticity_token"=>"Y51G3smh80N4E6s49iI+wzA9MzkF+PVVsmqUVYuHI4M=", "user"=>{"email"=>"lesha0-lesha0@mail.ru", "password"=>"[FILTERED]", "remember_me"=>"0"}, "commit"=>"Sign in"}
  [1m[35mUser Load (0.4ms)[0m  SELECT `users`.* FROM `users` WHERE `users`.`email` = 'lesha0-lesha0@mail.ru' LIMIT 1
Completed 401 Unauthorized in 35ms
Processing by Devise::SessionsController#new as HTML
  Parameters: {"utf8"=>"✓", "authenticity_token"=>"Y51G3smh80N4E6s49iI+wzA9MzkF+PVVsmqUVYuHI4M=", "user"=>{"email"=>"lesha0-lesha0@mail.ru", "password"=>"[FILTERED]", "remember_me"=>"0"}, "commit"=>"Sign in"}
  Rendered devise/shared/_links.html.haml (0.6ms)
  Rendered devise/sessions/new.html.haml within layouts/application (9.4ms)
  Rendered layouts/_navigation.html.haml (0.8ms)
  Rendered layouts/_messages.html.haml (0.1ms)
Completed 200 OK in 141ms (Views: 82.3ms | ActiveRecord: 0.0ms)


Started GET "/users/sign_up" for 127.0.0.1 at 2013-05-08 15:34:05 +0300
Processing by Devise::RegistrationsController#new as HTML
  Rendered devise/shared/_links.html.haml (0.5ms)
  Rendered devise/registrations/new.html.haml within layouts/application (12.7ms)
  Rendered layouts/_navigation.html.haml (1.0ms)
  Rendered layouts/_messages.html.haml (0.1ms)
Completed 200 OK in 93ms (Views: 91.6ms | ActiveRecord: 0.0ms)


Started POST "/users" for 127.0.0.1 at 2013-05-08 15:34:55 +0300
Processing by Devise::RegistrationsController#create as HTML
  Parameters: {"utf8"=>"✓", "authenticity_token"=>"Y51G3smh80N4E6s49iI+wzA9MzkF+PVVsmqUVYuHI4M=", "user"=>{"name"=>"babazina", "email"=>"lesha0-lesha0@mail.ru", "password"=>"[FILTERED]", "password_confirmation"=>"[FILTERED]"}, "commit"=>"Sign up"}
  [1m[36m (0.2ms)[0m  [1mBEGIN[0m
  [1m[35mUser Exists (0.4ms)[0m  SELECT 1 AS one FROM `users` WHERE `users`.`email` = BINARY 'lesha0-lesha0@mail.ru' LIMIT 1
  [1m[36mSQL (0.3ms)[0m  [1mINSERT INTO `users` (`created_at`, `current_sign_in_at`, `current_sign_in_ip`, `email`, `encrypted_password`, `last_sign_in_at`, `last_sign_in_ip`, `name`, `remember_created_at`, `reset_password_sent_at`, `reset_password_token`, `sign_in_count`, `updated_at`) VALUES ('2013-05-08 12:34:55', NULL, NULL, 'lesha0-lesha0@mail.ru', '$2a$10$PZ03LreEW2nF9cQa17brteH2msduLldrQTugj8dvs8EGXqv483HRG', NULL, NULL, 'babazina', NULL, NULL, NULL, 0, '2013-05-08 12:34:55')[0m
  [1m[35m (28.1ms)[0m  COMMIT
  [1m[36m (0.1ms)[0m  [1mBEGIN[0m
  [1m[35m (0.4ms)[0m  UPDATE `users` SET `last_sign_in_at` = '2013-05-08 12:34:55', `current_sign_in_at` = '2013-05-08 12:34:55', `last_sign_in_ip` = '127.0.0.1', `current_sign_in_ip` = '127.0.0.1', `sign_in_count` = 1, `updated_at` = '2013-05-08 12:34:55' WHERE `users`.`id` = 2
  [1m[36m (25.2ms)[0m  [1mCOMMIT[0m
Redirected to http://0.0.0.0:3000/users/1
Completed 302 Found in 270ms (ActiveRecord: 0.0ms)


Started GET "/users/1" for 127.0.0.1 at 2013-05-08 15:34:55 +0300
Processing by UsersController#show as HTML
  Parameters: {"id"=>"1"}
  [1m[35mUser Load (0.7ms)[0m  SELECT `users`.* FROM `users` WHERE `users`.`id` = 2 LIMIT 1
  [1m[36mUser Load (0.6ms)[0m  [1mSELECT `users`.* FROM `users` WHERE `users`.`id` = 1 LIMIT 1[0m
  Rendered users/show.html.haml within layouts/application (1.7ms)
  [1m[35m (0.8ms)[0m  SELECT COUNT(*) FROM `roles` INNER JOIN `users_roles` ON `roles`.`id` = `users_roles`.`role_id` WHERE `users_roles`.`user_id` = 2 AND (((roles.name = 'admin') AND (roles.resource_type IS NULL) AND (roles.resource_id IS NULL)))
  Rendered layouts/_navigation.html.haml (72.4ms)
  Rendered layouts/_messages.html.haml (0.2ms)
Completed 200 OK in 147ms (Views: 140.0ms | ActiveRecord: 4.7ms)


Started GET "/users/edit" for 127.0.0.1 at 2013-05-08 15:35:16 +0300
Processing by Devise::RegistrationsController#edit as HTML
  [1m[36mUser Load (0.3ms)[0m  [1mSELECT `users`.* FROM `users` WHERE `users`.`id` = 2 LIMIT 1[0m
  Rendered devise/registrations/edit.html.haml within layouts/application (11.5ms)
  [1m[35m (0.2ms)[0m  SELECT COUNT(*) FROM `roles` INNER JOIN `users_roles` ON `roles`.`id` = `users_roles`.`role_id` WHERE `users_roles`.`user_id` = 2 AND (((roles.name = 'admin') AND (roles.resource_type IS NULL) AND (roles.resource_id IS NULL)))
  Rendered layouts/_navigation.html.haml (2.7ms)
  Rendered layouts/_messages.html.haml (0.1ms)
Completed 200 OK in 88ms (Views: 86.1ms | ActiveRecord: 0.5ms)


Started GET "/" for 127.0.0.1 at 2013-05-08 15:35:21 +0300
  [1m[36mUser Load (0.1ms)[0m  [1mSELECT `users`.* FROM `users` WHERE `users`.`id` = 2 LIMIT 1[0m
Processing by HomeController#index as HTML
  [1m[35mUser Load (0.3ms)[0m  SELECT `users`.* FROM `users` 
  Rendered home/index.html.haml within layouts/application (0.9ms)
  [1m[36m (0.3ms)[0m  [1mSELECT COUNT(*) FROM `roles` INNER JOIN `users_roles` ON `roles`.`id` = `users_roles`.`role_id` WHERE `users_roles`.`user_id` = 2 AND (((roles.name = 'admin') AND (roles.resource_type IS NULL) AND (roles.resource_id IS NULL)))[0m
  Rendered layouts/_navigation.html.haml (2.7ms)
  Rendered layouts/_messages.html.haml (0.1ms)
Completed 200 OK in 41ms (Views: 40.1ms | ActiveRecord: 0.5ms)


Started GET "/" for 127.0.0.1 at 2013-05-08 15:36:45 +0300
  [1m[35mUser Load (0.1ms)[0m  SELECT `users`.* FROM `users` WHERE `users`.`id` = 2 LIMIT 1
Processing by HomeController#index as HTML
  [1m[36mUser Load (0.2ms)[0m  [1mSELECT `users`.* FROM `users` [0m
  Rendered home/index.html.haml within layouts/application (0.9ms)
  [1m[35m (0.3ms)[0m  SELECT COUNT(*) FROM `roles` INNER JOIN `users_roles` ON `roles`.`id` = `users_roles`.`role_id` WHERE `users_roles`.`user_id` = 2 AND (((roles.name = 'admin') AND (roles.resource_type IS NULL) AND (roles.resource_id IS NULL)))
  Rendered layouts/_navigation.html.haml (2.9ms)
  Rendered layouts/_messages.html.haml (0.1ms)
Completed 200 OK in 82ms (Views: 80.0ms | ActiveRecord: 0.5ms)


Started GET "/" for 127.0.0.1 at 2013-05-08 15:36:53 +0300
  [1m[36mUser Load (0.1ms)[0m  [1mSELECT `users`.* FROM `users` WHERE `users`.`id` = 2 LIMIT 1[0m
Processing by HomeController#index as HTML
  [1m[35mUser Load (0.1ms)[0m  SELECT `users`.* FROM `users` 
  Rendered home/index.html.haml within layouts/application (0.8ms)
  [1m[36m (3.2ms)[0m  [1mSELECT COUNT(*) FROM `roles` INNER JOIN `users_roles` ON `roles`.`id` = `users_roles`.`role_id` WHERE `users_roles`.`user_id` = 2 AND (((roles.name = 'admin') AND (roles.resource_type IS NULL) AND (roles.resource_id IS NULL)))[0m
  Rendered layouts/_navigation.html.haml (40.2ms)
  Rendered layouts/_messages.html.haml (0.1ms)
Completed 200 OK in 108ms (Views: 103.8ms | ActiveRecord: 3.3ms)


Started GET "/" for 127.0.0.1 at 2013-05-08 15:36:54 +0300
  [1m[35mUser Load (0.2ms)[0m  SELECT `users`.* FROM `users` WHERE `users`.`id` = 2 LIMIT 1
Processing by HomeController#index as HTML
  [1m[36mUser Load (0.3ms)[0m  [1mSELECT `users`.* FROM `users` [0m
  Rendered home/index.html.haml within layouts/application (1.3ms)
  [1m[35m (0.1ms)[0m  SELECT COUNT(*) FROM `roles` INNER JOIN `users_roles` ON `roles`.`id` = `users_roles`.`role_id` WHERE `users_roles`.`user_id` = 2 AND (((roles.name = 'admin') AND (roles.resource_type IS NULL) AND (roles.resource_id IS NULL)))
  Rendered layouts/_navigation.html.haml (2.5ms)
  Rendered layouts/_messages.html.haml (0.1ms)
Completed 200 OK in 47ms (Views: 45.6ms | ActiveRecord: 0.4ms)


Started GET "/" for 127.0.0.1 at 2013-05-08 15:36:55 +0300
  [1m[36mUser Load (0.3ms)[0m  [1mSELECT `users`.* FROM `users` WHERE `users`.`id` = 2 LIMIT 1[0m
Processing by HomeController#index as HTML
  [1m[35mUser Load (0.1ms)[0m  SELECT `users`.* FROM `users` 
  Rendered home/index.html.haml within layouts/application (24.9ms)
  [1m[36m (0.1ms)[0m  [1mSELECT COUNT(*) FROM `roles` INNER JOIN `users_roles` ON `roles`.`id` = `users_roles`.`role_id` WHERE `users_roles`.`user_id` = 2 AND (((roles.name = 'admin') AND (roles.resource_type IS NULL) AND (roles.resource_id IS NULL)))[0m
  Rendered layouts/_navigation.html.haml (2.5ms)
  Rendered layouts/_messages.html.haml (0.1ms)
Completed 200 OK in 105ms (Views: 103.8ms | ActiveRecord: 0.2ms)


Started GET "/" for 127.0.0.1 at 2013-05-08 15:36:55 +0300
  [1m[35mUser Load (0.1ms)[0m  SELECT `users`.* FROM `users` WHERE `users`.`id` = 2 LIMIT 1
Processing by HomeController#index as HTML
  [1m[36mUser Load (0.1ms)[0m  [1mSELECT `users`.* FROM `users` [0m
  Rendered home/index.html.haml within layouts/application (0.8ms)
  [1m[35m (0.2ms)[0m  SELECT COUNT(*) FROM `roles` INNER JOIN `users_roles` ON `roles`.`id` = `users_roles`.`role_id` WHERE `users_roles`.`user_id` = 2 AND (((roles.name = 'admin') AND (roles.resource_type IS NULL) AND (roles.resource_id IS NULL)))
  Rendered layouts/_navigation.html.haml (2.7ms)
  Rendered layouts/_messages.html.haml (0.1ms)
Completed 200 OK in 45ms (Views: 43.6ms | ActiveRecord: 0.4ms)


Started DELETE "/users/sign_out" for 127.0.0.1 at 2013-05-08 15:37:03 +0300
Processing by Devise::SessionsController#destroy as HTML
  Parameters: {"authenticity_token"=>"Y51G3smh80N4E6s49iI+wzA9MzkF+PVVsmqUVYuHI4M="}
  [1m[36mUser Load (0.3ms)[0m  [1mSELECT `users`.* FROM `users` WHERE `users`.`id` = 2 LIMIT 1[0m
  [1m[35m (0.2ms)[0m  BEGIN
  [1m[36m (0.2ms)[0m  [1mCOMMIT[0m
Redirected to http://0.0.0.0:3000/
Completed 302 Found in 52ms (ActiveRecord: 0.7ms)


Started GET "/" for 127.0.0.1 at 2013-05-08 15:37:03 +0300
Processing by HomeController#index as HTML
  [1m[35mUser Load (0.2ms)[0m  SELECT `users`.* FROM `users` 
  Rendered home/index.html.haml within layouts/application (0.8ms)
  Rendered layouts/_navigation.html.haml (1.0ms)
  Rendered layouts/_messages.html.haml (0.1ms)
Completed 200 OK in 41ms (Views: 38.8ms | ActiveRecord: 0.2ms)


Started GET "/" for 127.0.0.1 at 2013-05-08 15:37:07 +0300
Processing by HomeController#index as HTML
  [1m[36mUser Load (0.2ms)[0m  [1mSELECT `users`.* FROM `users` [0m
  Rendered home/index.html.haml within layouts/application (0.8ms)
  Rendered layouts/_navigation.html.haml (0.8ms)
  Rendered layouts/_messages.html.haml (0.1ms)
Completed 200 OK in 99ms (Views: 97.7ms | ActiveRecord: 0.2ms)


Started GET "/users/1" for 127.0.0.1 at 2013-05-08 15:37:09 +0300
Processing by UsersController#show as HTML
  Parameters: {"id"=>"1"}
Completed 401 Unauthorized in 0ms


Started GET "/users/sign_in" for 127.0.0.1 at 2013-05-08 15:37:09 +0300
Processing by Devise::SessionsController#new as HTML
  Rendered devise/shared/_links.html.haml (0.4ms)
  Rendered devise/sessions/new.html.haml within layouts/application (10.1ms)
  Rendered layouts/_navigation.html.haml (0.8ms)
  Rendered layouts/_messages.html.haml (1.0ms)
Completed 200 OK in 56ms (Views: 54.9ms | ActiveRecord: 0.0ms)


Started GET "/" for 127.0.0.1 at 2013-05-08 15:37:12 +0300
Processing by HomeController#index as HTML
  [1m[35mUser Load (0.2ms)[0m  SELECT `users`.* FROM `users` 
  Rendered home/index.html.haml within layouts/application (0.9ms)
  Rendered layouts/_navigation.html.haml (0.8ms)
  Rendered layouts/_messages.html.haml (0.1ms)
Completed 200 OK in 75ms (Views: 73.6ms | ActiveRecord: 0.2ms)


Started GET "/users/2" for 127.0.0.1 at 2013-05-08 15:37:13 +0300
Processing by UsersController#show as HTML
  Parameters: {"id"=>"2"}
Completed 401 Unauthorized in 0ms


Started GET "/users/sign_in" for 127.0.0.1 at 2013-05-08 15:37:13 +0300
Processing by Devise::SessionsController#new as HTML
  Rendered devise/shared/_links.html.haml (0.4ms)
  Rendered devise/sessions/new.html.haml within layouts/application (13.0ms)
  Rendered layouts/_navigation.html.haml (1.1ms)
  Rendered layouts/_messages.html.haml (0.2ms)
Completed 200 OK in 124ms (Views: 123.1ms | ActiveRecord: 0.0ms)


Started GET "/" for 127.0.0.1 at 2013-05-08 15:37:17 +0300
Processing by HomeController#index as HTML
  [1m[36mUser Load (0.2ms)[0m  [1mSELECT `users`.* FROM `users` [0m
  Rendered home/index.html.haml within layouts/application (1.0ms)
  Rendered layouts/_navigation.html.haml (0.7ms)
  Rendered layouts/_messages.html.haml (0.1ms)
Completed 200 OK in 41ms (Views: 39.3ms | ActiveRecord: 0.2ms)


Started GET "/users/sign_in" for 127.0.0.1 at 2013-05-08 15:37:23 +0300
Processing by Devise::SessionsController#new as HTML
  Rendered devise/shared/_links.html.haml (0.5ms)
  Rendered devise/sessions/new.html.haml within layouts/application (9.6ms)
  Rendered layouts/_navigation.html.haml (0.9ms)
  Rendered layouts/_messages.html.haml (0.1ms)
Completed 200 OK in 89ms (Views: 87.9ms | ActiveRecord: 0.0ms)


Started GET "/users/password/new" for 127.0.0.1 at 2013-05-08 15:37:25 +0300
Processing by Devise::PasswordsController#new as HTML
  Rendered devise/shared/_links.html.haml (0.5ms)
  Rendered /home/alex-pc/.rvm/gems/ruby-1.9.3-p392/gems/devise-2.2.4/app/views/devise/passwords/new.html.erb within layouts/application (3.3ms)
  Rendered layouts/_navigation.html.haml (0.9ms)
  Rendered layouts/_messages.html.haml (0.1ms)
Completed 200 OK in 108ms (Views: 106.9ms | ActiveRecord: 0.0ms)


Started POST "/users/password" for 127.0.0.1 at 2013-05-08 15:37:29 +0300
Processing by Devise::PasswordsController#create as HTML
  Parameters: {"utf8"=>"✓", "authenticity_token"=>"ntZnPNGXhVdeAT+COhq5TIUUqVa/RE5O1sLZ6YX3cUI=", "user"=>{"email"=>"lesha0-lesha0@mail.ru"}, "commit"=>"Send me reset password instructions"}
  [1m[35mUser Load (0.4ms)[0m  SELECT `users`.* FROM `users` WHERE `users`.`email` = 'lesha0-lesha0@mail.ru' LIMIT 1
  [1m[36mUser Load (0.3ms)[0m  [1mSELECT `users`.* FROM `users` WHERE `users`.`reset_password_token` = 'biNCsNkUURKjwqGDE7xB' LIMIT 1[0m
  [1m[35m (0.1ms)[0m  BEGIN
  [1m[36m (0.5ms)[0m  [1mUPDATE `users` SET `reset_password_token` = 'biNCsNkUURKjwqGDE7xB', `reset_password_sent_at` = '2013-05-08 12:37:29', `updated_at` = '2013-05-08 12:37:29' WHERE `users`.`id` = 2[0m
  [1m[35m (49.4ms)[0m  COMMIT
  Rendered /home/alex-pc/.rvm/gems/ruby-1.9.3-p392/gems/devise-2.2.4/app/views/devise/mailer/reset_password_instructions.html.erb (0.9ms)

Sent mail to lesha0-lesha0@mail.ru (45ms)
Date: Wed, 08 May 2013 15:37:30 +0300
From: please-change-me-at-config-initializers-devise@example.com
Reply-To: please-change-me-at-config-initializers-devise@example.com
To: lesha0-lesha0@mail.ru
Message-ID: <518a470a31bfd_2af6124a3dc30796@alexpc-linux.local.mail>
Subject: Reset password instructions
Mime-Version: 1.0
Content-Type: text/html;
 charset=UTF-8
Content-Transfer-Encoding: 7bit

<p>Hello lesha0-lesha0@mail.ru!</p>

<p>Someone has requested a link to change your password. You can do this through the link below.</p>

<p><a href="http://localhost:3000/users/password/edit?reset_password_token=biNCsNkUURKjwqGDE7xB">Change my password</a></p>

<p>If you didn't request this, please ignore this email.</p>
<p>Your password won't change until you access the link above and create a new one.</p>

Redirected to http://0.0.0.0:3000/users/sign_in
Completed 302 Found in 1176ms (ActiveRecord: 0.0ms)


Started GET "/users/sign_in" for 127.0.0.1 at 2013-05-08 15:37:30 +0300
Processing by Devise::SessionsController#new as HTML
  Rendered devise/shared/_links.html.haml (0.4ms)
  Rendered devise/sessions/new.html.haml within layouts/application (11.7ms)
  Rendered layouts/_navigation.html.haml (0.8ms)
  Rendered layouts/_messages.html.haml (0.1ms)
Completed 200 OK in 52ms (Views: 50.9ms | ActiveRecord: 0.0ms)


Started GET "/users/password/new" for 127.0.0.1 at 2013-05-08 15:38:41 +0300
Processing by Devise::PasswordsController#new as HTML
  Rendered devise/shared/_links.html.haml (0.5ms)
  Rendered /home/alex-pc/.rvm/gems/ruby-1.9.3-p392/gems/devise-2.2.4/app/views/devise/passwords/new.html.erb within layouts/application (2.2ms)
  Rendered layouts/_navigation.html.haml (0.9ms)
  Rendered layouts/_messages.html.haml (0.1ms)
Completed 200 OK in 83ms (Views: 82.9ms | ActiveRecord: 0.0ms)


Started POST "/users/password" for 127.0.0.1 at 2013-05-08 15:38:44 +0300
Processing by Devise::PasswordsController#create as HTML
  Parameters: {"utf8"=>"✓", "authenticity_token"=>"ntZnPNGXhVdeAT+COhq5TIUUqVa/RE5O1sLZ6YX3cUI=", "user"=>{"email"=>"lesha0-lesha0@mail.ru"}, "commit"=>"Send me reset password instructions"}
  [1m[36mUser Load (0.6ms)[0m  [1mSELECT `users`.* FROM `users` WHERE `users`.`email` = 'lesha0-lesha0@mail.ru' LIMIT 1[0m
  Rendered /home/alex-pc/.rvm/gems/ruby-1.9.3-p392/gems/devise-2.2.4/app/views/devise/mailer/reset_password_instructions.html.erb (0.5ms)

Sent mail to lesha0-lesha0@mail.ru (3ms)
Date: Wed, 08 May 2013 15:38:44 +0300
From: please-change-me-at-config-initializers-devise@example.com
Reply-To: please-change-me-at-config-initializers-devise@example.com
To: lesha0-lesha0@mail.ru
Message-ID: <518a4754e1231_2af61351b2c308e@alexpc-linux.local.mail>
Subject: Reset password instructions
Mime-Version: 1.0
Content-Type: text/html;
 charset=UTF-8
Content-Transfer-Encoding: 7bit

<p>Hello lesha0-lesha0@mail.ru!</p>

<p>Someone has requested a link to change your password. You can do this through the link below.</p>

<p><a href="http://localhost:3000/users/password/edit?reset_password_token=biNCsNkUURKjwqGDE7xB">Change my password</a></p>

<p>If you didn't request this, please ignore this email.</p>
<p>Your password won't change until you access the link above and create a new one.</p>

Redirected to http://0.0.0.0:3000/users/sign_in
Completed 302 Found in 27ms (ActiveRecord: 0.0ms)


Started GET "/users/sign_in" for 127.0.0.1 at 2013-05-08 15:38:44 +0300
Processing by Devise::SessionsController#new as HTML
  Rendered devise/shared/_links.html.haml (0.4ms)
  Rendered devise/sessions/new.html.haml within layouts/application (8.9ms)
  Rendered layouts/_navigation.html.haml (0.9ms)
  Rendered layouts/_messages.html.haml (0.1ms)
Completed 200 OK in 98ms (Views: 96.9ms | ActiveRecord: 0.0ms)


Started POST "/users/sign_in" for 127.0.0.1 at 2013-05-08 15:45:24 +0300
Processing by Devise::SessionsController#create as HTML
  Parameters: {"utf8"=>"✓", "authenticity_token"=>"ntZnPNGXhVdeAT+COhq5TIUUqVa/RE5O1sLZ6YX3cUI=", "user"=>{"email"=>"lesha0-lesha0@mail.ru", "password"=>"[FILTERED]", "remember_me"=>"0"}, "commit"=>"Sign in"}
  [1m[35mUser Load (0.1ms)[0m  SELECT `users`.* FROM `users` WHERE `users`.`email` = 'lesha0-lesha0@mail.ru' LIMIT 1
  [1m[36m (0.1ms)[0m  [1mBEGIN[0m
  [1m[35m (0.3ms)[0m  UPDATE `users` SET `current_sign_in_at` = '2013-05-08 12:45:24', `sign_in_count` = 2, `updated_at` = '2013-05-08 12:45:24' WHERE `users`.`id` = 2
  [1m[36m (56.1ms)[0m  [1mCOMMIT[0m
Redirected to http://0.0.0.0:3000/users/2
Completed 302 Found in 128ms (ActiveRecord: 0.0ms)


Started GET "/users/2" for 127.0.0.1 at 2013-05-08 15:45:24 +0300
Processing by UsersController#show as HTML
  Parameters: {"id"=>"2"}
  [1m[35mUser Load (0.3ms)[0m  SELECT `users`.* FROM `users` WHERE `users`.`id` = 2 LIMIT 1
  [1m[36mCACHE (0.0ms)[0m  [1mSELECT `users`.* FROM `users` WHERE `users`.`id` = 2 LIMIT 1[0m
  Rendered users/show.html.haml within layouts/application (0.1ms)
  [1m[35m (0.1ms)[0m  SELECT COUNT(*) FROM `roles` INNER JOIN `users_roles` ON `roles`.`id` = `users_roles`.`role_id` WHERE `users_roles`.`user_id` = 2 AND (((roles.name = 'admin') AND (roles.resource_type IS NULL) AND (roles.resource_id IS NULL)))
  Rendered layouts/_navigation.html.haml (3.4ms)
  Rendered layouts/_messages.html.haml (0.2ms)
Completed 200 OK in 52ms (Views: 49.9ms | ActiveRecord: 0.4ms)


Started DELETE "/users/sign_out" for 127.0.0.1 at 2013-05-08 15:45:33 +0300
Processing by Devise::SessionsController#destroy as HTML
  Parameters: {"authenticity_token"=>"ntZnPNGXhVdeAT+COhq5TIUUqVa/RE5O1sLZ6YX3cUI="}
  [1m[36mUser Load (0.1ms)[0m  [1mSELECT `users`.* FROM `users` WHERE `users`.`id` = 2 LIMIT 1[0m
  [1m[35m (0.1ms)[0m  BEGIN
  [1m[36m (0.1ms)[0m  [1mCOMMIT[0m
Redirected to http://0.0.0.0:3000/
Completed 302 Found in 4ms (ActiveRecord: 0.3ms)


Started GET "/" for 127.0.0.1 at 2013-05-08 15:45:33 +0300
Processing by HomeController#index as HTML
  [1m[35mUser Load (0.3ms)[0m  SELECT `users`.* FROM `users` 
  Rendered home/index.html.haml within layouts/application (1.0ms)
  Rendered layouts/_navigation.html.haml (0.8ms)
  Rendered layouts/_messages.html.haml (0.1ms)
Completed 200 OK in 81ms (Views: 80.0ms | ActiveRecord: 0.3ms)


Started GET "/users/2" for 127.0.0.1 at 2013-05-08 15:45:35 +0300
Processing by UsersController#show as HTML
  Parameters: {"id"=>"2"}
Completed 401 Unauthorized in 1ms


Started GET "/users/sign_in" for 127.0.0.1 at 2013-05-08 15:45:35 +0300
Processing by Devise::SessionsController#new as HTML
  Rendered devise/shared/_links.html.haml (0.4ms)
  Rendered devise/sessions/new.html.haml within layouts/application (8.8ms)
  Rendered layouts/_navigation.html.haml (1.0ms)
  Rendered layouts/_messages.html.haml (0.2ms)
Completed 200 OK in 108ms (Views: 107.4ms | ActiveRecord: 0.0ms)


Started GET "/users/password/new" for 127.0.0.1 at 2013-05-08 15:45:37 +0300
Processing by Devise::PasswordsController#new as HTML
  Rendered devise/shared/_links.html.haml (0.5ms)
  Rendered /home/alex-pc/.rvm/gems/ruby-1.9.3-p392/gems/devise-2.2.4/app/views/devise/passwords/new.html.erb within layouts/application (2.4ms)
  Rendered layouts/_navigation.html.haml (0.8ms)
  Rendered layouts/_messages.html.haml (0.1ms)
Completed 200 OK in 46ms (Views: 45.5ms | ActiveRecord: 0.0ms)


Started POST "/users/password" for 127.0.0.1 at 2013-05-08 15:45:41 +0300
Processing by Devise::PasswordsController#create as HTML
  Parameters: {"utf8"=>"✓", "authenticity_token"=>"Z+UuRzWXgWstw4FIviINmHHXZiH2KvAbfVJbXQtBkrE=", "user"=>{"email"=>"lesha0-lesha0@mail.ru"}, "commit"=>"Send me reset password instructions"}
  [1m[36mUser Load (0.4ms)[0m  [1mSELECT `users`.* FROM `users` WHERE `users`.`email` = 'lesha0-lesha0@mail.ru' LIMIT 1[0m
  Rendered /home/alex-pc/.rvm/gems/ruby-1.9.3-p392/gems/devise-2.2.4/app/views/devise/mailer/reset_password_instructions.html.erb (0.4ms)

Sent mail to lesha0-lesha0@mail.ru (3ms)
Date: Wed, 08 May 2013 15:45:41 +0300
From: please-change-me-at-config-initializers-devise@example.com
Reply-To: please-change-me-at-config-initializers-devise@example.com
To: lesha0-lesha0@mail.ru
Message-ID: <518a48f5bbc49_2af63ff4400ab8b4309b6@alexpc-linux.local.mail>
Subject: Reset password instructions
Mime-Version: 1.0
Content-Type: text/html;
 charset=UTF-8
Content-Transfer-Encoding: 7bit

<p>Hello lesha0-lesha0@mail.ru!</p>

<p>Someone has requested a link to change your password. You can do this through the link below.</p>

<p><a href="http://localhost:3000/users/password/edit?reset_password_token=biNCsNkUURKjwqGDE7xB">Change my password</a></p>

<p>If you didn't request this, please ignore this email.</p>
<p>Your password won't change until you access the link above and create a new one.</p>

Redirected to http://0.0.0.0:3000/users/sign_in
Completed 302 Found in 24ms (ActiveRecord: 0.0ms)


Started GET "/users/sign_in" for 127.0.0.1 at 2013-05-08 15:45:41 +0300
Processing by Devise::SessionsController#new as HTML
  Rendered devise/shared/_links.html.haml (0.4ms)
  Rendered devise/sessions/new.html.haml within layouts/application (8.3ms)
  Rendered layouts/_navigation.html.haml (0.9ms)
  Rendered layouts/_messages.html.haml (0.1ms)
Completed 200 OK in 93ms (Views: 91.3ms | ActiveRecord: 0.0ms)
Connecting to database specified by database.yml


Started GET "/users/password/new" for 127.0.0.1 at 2013-05-08 15:58:38 +0300
Processing by Devise::PasswordsController#new as HTML
  Rendered devise/shared/_links.html.haml (0.5ms)
  Rendered /home/alex-pc/.rvm/gems/ruby-1.9.3-p392/gems/devise-2.2.4/app/views/devise/passwords/new.html.erb within layouts/application (3.0ms)
  Rendered layouts/_navigation.html.haml (0.8ms)
  Rendered layouts/_messages.html.haml (0.1ms)
Completed 200 OK in 91ms (Views: 45.7ms | ActiveRecord: 1.7ms)
Connecting to database specified by database.yml


Started GET "/" for 127.0.0.1 at 2013-05-08 16:05:07 +0300
Processing by HomeController#index as HTML
  [1m[36mUser Load (0.1ms)[0m  [1mSELECT `users`.* FROM `users` [0m
  Rendered home/index.html.haml within layouts/application (5.5ms)
  Rendered layouts/_navigation.html.haml (2.8ms)
  Rendered layouts/_messages.html.haml (1.1ms)
Completed 200 OK in 229ms (Views: 131.5ms | ActiveRecord: 1.3ms)


Started GET "/users/sign_up" for 127.0.0.1 at 2013-05-08 16:05:13 +0300
Processing by Devise::RegistrationsController#new as HTML
  Rendered devise/shared/_links.html.haml (2.6ms)
  Rendered devise/registrations/new.html.haml within layouts/application (237.6ms)
  Rendered layouts/_navigation.html.haml (0.8ms)
  Rendered layouts/_messages.html.haml (0.3ms)
Completed 200 OK in 282ms (Views: 281.3ms | ActiveRecord: 0.0ms)


Started GET "/users/sign_in" for 127.0.0.1 at 2013-05-08 16:05:16 +0300
Processing by Devise::SessionsController#new as HTML
  Rendered devise/shared/_links.html.haml (0.6ms)
  Rendered devise/sessions/new.html.haml within layouts/application (10.5ms)
  Rendered layouts/_navigation.html.haml (0.8ms)
  Rendered layouts/_messages.html.haml (0.1ms)
Completed 200 OK in 56ms (Views: 54.6ms | ActiveRecord: 0.0ms)


Started GET "/users/password/new" for 127.0.0.1 at 2013-05-08 16:05:17 +0300
Processing by Devise::PasswordsController#new as HTML
  Rendered devise/shared/_links.html.haml (0.6ms)
  Rendered /home/alex-pc/.rvm/gems/ruby-1.9.3-p392/gems/devise-2.2.4/app/views/devise/passwords/new.html.erb within layouts/application (3.4ms)
  Rendered layouts/_navigation.html.haml (1.0ms)
  Rendered layouts/_messages.html.haml (0.1ms)
Completed 200 OK in 48ms (Views: 47.6ms | ActiveRecord: 0.0ms)


Started POST "/users/password" for 127.0.0.1 at 2013-05-08 16:08:41 +0300
Processing by Devise::PasswordsController#create as HTML
  Parameters: {"utf8"=>"✓", "authenticity_token"=>"Z+UuRzWXgWstw4FIviINmHHXZiH2KvAbfVJbXQtBkrE=", "user"=>{"email"=>"lesha0-lesha0@mail.ru"}, "commit"=>"Send me reset password instructions"}
  [1m[35mUser Load (0.2ms)[0m  SELECT `users`.* FROM `users` WHERE `users`.`email` = 'lesha0-lesha0@mail.ru' LIMIT 1
  Rendered /home/alex-pc/.rvm/gems/ruby-1.9.3-p392/gems/devise-2.2.4/app/views/devise/mailer/reset_password_instructions.html.erb (1.0ms)

Sent mail to lesha0-lesha0@mail.ru (43ms)
Date: Wed, 08 May 2013 16:08:42 +0300
From: please-change-me-at-config-initializers-devise@example.com
Reply-To: please-change-me-at-config-initializers-devise@example.com
To: lesha0-lesha0@mail.ru
Message-ID: <518a4e5a13a00_2f0020ec778186af@alexpc-linux.local.mail>
Subject: Reset password instructions
Mime-Version: 1.0
Content-Type: text/html;
 charset=UTF-8
Content-Transfer-Encoding: 7bit

<p>Hello lesha0-lesha0@mail.ru!</p>

<p>Someone has requested a link to change your password. You can do this through the link below.</p>

<p><a href="http://localhost:3000/users/password/edit?reset_password_token=biNCsNkUURKjwqGDE7xB">Change my password</a></p>

<p>If you didn't request this, please ignore this email.</p>
<p>Your password won't change until you access the link above and create a new one.</p>

Redirected to http://0.0.0.0:3000/users/sign_in
Completed 302 Found in 964ms (ActiveRecord: 0.0ms)


Started GET "/users/sign_in" for 127.0.0.1 at 2013-05-08 16:08:42 +0300
Processing by Devise::SessionsController#new as HTML
  Rendered devise/shared/_links.html.haml (0.5ms)
  Rendered devise/sessions/new.html.haml within layouts/application (10.3ms)
  Rendered layouts/_navigation.html.haml (0.9ms)
  Rendered layouts/_messages.html.haml (0.1ms)
Completed 200 OK in 91ms (Views: 90.0ms | ActiveRecord: 0.0ms)
Connecting to database specified by database.yml


Started GET "/users/password/new" for 127.0.0.1 at 2013-05-08 16:13:42 +0300
Processing by Devise::PasswordsController#new as HTML
  Rendered devise/shared/_links.html.haml (2.8ms)
  Rendered /home/alex-pc/.rvm/gems/ruby-1.9.3-p392/gems/devise-2.2.4/app/views/devise/passwords/new.html.erb within layouts/application (42.5ms)
  Rendered layouts/_navigation.html.haml (2.8ms)
  Rendered layouts/_messages.html.haml (1.1ms)
Completed 200 OK in 254ms (Views: 164.5ms | ActiveRecord: 1.3ms)


Started GET "/" for 127.0.0.1 at 2013-05-08 16:13:43 +0300
Processing by HomeController#index as HTML
  [1m[36mUser Load (0.1ms)[0m  [1mSELECT `users`.* FROM `users` [0m
  Rendered home/index.html.haml within layouts/application (2.2ms)
  Rendered layouts/_navigation.html.haml (1.0ms)
  Rendered layouts/_messages.html.haml (0.1ms)
Completed 200 OK in 62ms (Views: 56.0ms | ActiveRecord: 0.1ms)


Started GET "/users/sign_up" for 127.0.0.1 at 2013-05-08 16:13:46 +0300
Processing by Devise::RegistrationsController#new as HTML
  Rendered devise/shared/_links.html.haml (0.7ms)
  Rendered devise/registrations/new.html.haml within layouts/application (232.7ms)
  Rendered layouts/_navigation.html.haml (0.8ms)
  Rendered layouts/_messages.html.haml (0.1ms)
Completed 200 OK in 279ms (Views: 277.9ms | ActiveRecord: 0.0ms)


Started GET "/users/password/new" for 127.0.0.1 at 2013-05-08 16:13:48 +0300
Processing by Devise::PasswordsController#new as HTML
  Rendered devise/shared/_links.html.haml (0.5ms)
  Rendered /home/alex-pc/.rvm/gems/ruby-1.9.3-p392/gems/devise-2.2.4/app/views/devise/passwords/new.html.erb within layouts/application (2.5ms)
  Rendered layouts/_navigation.html.haml (0.8ms)
  Rendered layouts/_messages.html.haml (0.1ms)
Completed 200 OK in 78ms (Views: 77.2ms | ActiveRecord: 0.0ms)


Started POST "/users/password" for 127.0.0.1 at 2013-05-08 16:13:51 +0300
Processing by Devise::PasswordsController#create as HTML
  Parameters: {"utf8"=>"✓", "authenticity_token"=>"Z+UuRzWXgWstw4FIviINmHHXZiH2KvAbfVJbXQtBkrE=", "user"=>{"email"=>"lesha0-lesha0@mail.ru"}, "commit"=>"Send me reset password instructions"}
  [1m[35mUser Load (0.2ms)[0m  SELECT `users`.* FROM `users` WHERE `users`.`email` = 'lesha0-lesha0@mail.ru' LIMIT 1
  Rendered /home/alex-pc/.rvm/gems/ruby-1.9.3-p392/gems/devise-2.2.4/app/views/devise/mailer/reset_password_instructions.html.erb (0.9ms)

Sent mail to lesha0-lesha0@mail.ru (46ms)
Date: Wed, 08 May 2013 16:13:52 +0300
From: lesha0-lesha0@mail.com
Reply-To: lesha0-lesha0@mail.com
To: lesha0-lesha0@mail.ru
Message-ID: <518a4f90da1ce_302d1282548636f8@alexpc-linux.local.mail>
Subject: Reset password instructions
Mime-Version: 1.0
Content-Type: text/html;
 charset=UTF-8
Content-Transfer-Encoding: 7bit

<p>Hello lesha0-lesha0@mail.ru!</p>

<p>Someone has requested a link to change your password. You can do this through the link below.</p>

<p><a href="http://localhost:3000/users/password/edit?reset_password_token=biNCsNkUURKjwqGDE7xB">Change my password</a></p>

<p>If you didn't request this, please ignore this email.</p>
<p>Your password won't change until you access the link above and create a new one.</p>

Redirected to http://0.0.0.0:3000/users/sign_in
Completed 302 Found in 990ms (ActiveRecord: 0.0ms)


Started GET "/users/sign_in" for 127.0.0.1 at 2013-05-08 16:13:52 +0300
Processing by Devise::SessionsController#new as HTML
  Rendered devise/shared/_links.html.haml (0.4ms)
  Rendered devise/sessions/new.html.haml within layouts/application (10.0ms)
  Rendered layouts/_navigation.html.haml (0.8ms)
  Rendered layouts/_messages.html.haml (0.1ms)
Completed 200 OK in 99ms (Views: 97.7ms | ActiveRecord: 0.0ms)
Connecting to database specified by database.yml


Started GET "/" for 127.0.0.1 at 2013-05-08 16:20:11 +0300
Processing by HomeController#index as HTML
  [1m[36mUser Load (0.2ms)[0m  [1mSELECT `users`.* FROM `users` [0m
  Rendered home/index.html.haml within layouts/application (5.2ms)
  Rendered layouts/_navigation.html.haml (2.8ms)
  Rendered layouts/_messages.html.haml (1.1ms)
Completed 200 OK in 262ms (Views: 149.7ms | ActiveRecord: 3.1ms)


Started GET "/users/sign_in" for 127.0.0.1 at 2013-05-08 16:20:24 +0300
Processing by Devise::SessionsController#new as HTML
  Rendered devise/shared/_links.html.haml (31.3ms)
  Rendered devise/sessions/new.html.haml within layouts/application (243.8ms)
  Rendered layouts/_navigation.html.haml (0.8ms)
  Rendered layouts/_messages.html.haml (0.1ms)
Completed 200 OK in 291ms (Views: 289.5ms | ActiveRecord: 0.0ms)


Started GET "/users/password/new" for 127.0.0.1 at 2013-05-08 16:20:27 +0300
Processing by Devise::PasswordsController#new as HTML
  Rendered devise/shared/_links.html.haml (0.6ms)
  Rendered /home/alex-pc/.rvm/gems/ruby-1.9.3-p392/gems/devise-2.2.4/app/views/devise/passwords/new.html.erb within layouts/application (3.4ms)
  Rendered layouts/_navigation.html.haml (0.9ms)
  Rendered layouts/_messages.html.haml (0.1ms)
Completed 200 OK in 79ms (Views: 78.1ms | ActiveRecord: 0.0ms)


Started POST "/users/password" for 127.0.0.1 at 2013-05-08 16:20:33 +0300
Processing by Devise::PasswordsController#create as HTML
  Parameters: {"utf8"=>"✓", "authenticity_token"=>"Z+UuRzWXgWstw4FIviINmHHXZiH2KvAbfVJbXQtBkrE=", "user"=>{"email"=>"lesha0-lesha0@mail.ru"}, "commit"=>"Send me reset password instructions"}
  [1m[35mUser Load (0.3ms)[0m  SELECT `users`.* FROM `users` WHERE `users`.`email` = 'lesha0-lesha0@mail.ru' LIMIT 1
  Rendered /home/alex-pc/.rvm/gems/ruby-1.9.3-p392/gems/devise-2.2.4/app/views/devise/mailer/reset_password_instructions.html.erb (0.9ms)

Sent mail to lesha0-lesha0@mail.ru (43ms)
Date: Wed, 08 May 2013 16:20:34 +0300
From: lesha0-lesha0@mail.com
Reply-To: lesha0-lesha0@mail.com
To: lesha0-lesha0@mail.ru
Message-ID: <518a512295d6_30fe1b1f5c0728e3@alexpc-linux.local.mail>
Subject: Reset password instructions
Mime-Version: 1.0
Content-Type: text/html;
 charset=UTF-8
Content-Transfer-Encoding: 7bit

<p>Hello lesha0-lesha0@mail.ru!</p>

<p>Someone has requested a link to change your password. You can do this through the link below.</p>

<p><a href="http://localhost:3000/users/password/edit?reset_password_token=biNCsNkUURKjwqGDE7xB">Change my password</a></p>

<p>If you didn't request this, please ignore this email.</p>
<p>Your password won't change until you access the link above and create a new one.</p>

Redirected to http://0.0.0.0:3000/users/sign_in
Completed 302 Found in 1013ms (ActiveRecord: 0.0ms)


Started GET "/users/sign_in" for 127.0.0.1 at 2013-05-08 16:20:34 +0300
Processing by Devise::SessionsController#new as HTML
  Rendered devise/shared/_links.html.haml (0.4ms)
  Rendered devise/sessions/new.html.haml within layouts/application (8.8ms)
  Rendered layouts/_navigation.html.haml (0.9ms)
  Rendered layouts/_messages.html.haml (0.1ms)
Completed 200 OK in 91ms (Views: 88.9ms | ActiveRecord: 0.0ms)


Started GET "/users/password/edit?reset_password_token=[FILTERED]" for 127.0.0.1 at 2013-05-08 16:21:13 +0300
Processing by Devise::PasswordsController#edit as HTML
  Parameters: {"reset_password_token"=>"[FILTERED]"}
  Rendered devise/shared/_links.html.haml (0.6ms)
  Rendered /home/alex-pc/.rvm/gems/ruby-1.9.3-p392/gems/devise-2.2.4/app/views/devise/passwords/edit.html.erb within layouts/application (3.8ms)
  Rendered layouts/_navigation.html.haml (1.0ms)
  Rendered layouts/_messages.html.haml (0.1ms)
Completed 200 OK in 91ms (Views: 89.3ms | ActiveRecord: 0.0ms)


Started GET "/users/password/edit" for 127.0.0.1 at 2013-05-08 16:21:40 +0300
Processing by Devise::PasswordsController#edit as HTML
Redirected to http://localhost:3000/users/sign_in
Filter chain halted as :assert_reset_token_passed rendered or redirected
Completed 302 Found in 1ms (ActiveRecord: 0.0ms)


Started GET "/users/sign_in" for 127.0.0.1 at 2013-05-08 16:21:40 +0300
Processing by Devise::SessionsController#new as HTML
  Rendered devise/shared/_links.html.haml (0.4ms)
  Rendered devise/sessions/new.html.haml within layouts/application (8.9ms)
  Rendered layouts/_navigation.html.haml (1.0ms)
  Rendered layouts/_messages.html.haml (0.1ms)
Completed 200 OK in 94ms (Views: 92.9ms | ActiveRecord: 0.0ms)
Connecting to database specified by database.yml


Started GET "/" for 127.0.0.1 at 2013-05-08 16:47:12 +0300
Processing by HomeController#index as HTML
  [1m[36mUser Load (0.2ms)[0m  [1mSELECT `users`.* FROM `users` [0m
  Rendered home/index.html.haml within layouts/application (5.4ms)
  Rendered layouts/_navigation.html.haml (2.8ms)
  Rendered layouts/_messages.html.haml (1.0ms)
Completed 200 OK in 227ms (Views: 126.4ms | ActiveRecord: 1.9ms)


Started GET "/users/sign_up" for 127.0.0.1 at 2013-05-08 16:47:33 +0300
Processing by Devise::RegistrationsController#new as HTML
  Rendered devise/shared/_links.html.haml (2.6ms)
  Rendered devise/registrations/new.html.haml within layouts/application (255.0ms)
  Rendered layouts/_navigation.html.haml (0.8ms)
  Rendered layouts/_messages.html.haml (0.1ms)
Completed 200 OK in 299ms (Views: 298.5ms | ActiveRecord: 0.0ms)


Started GET "/users/password/new" for 127.0.0.1 at 2013-05-08 16:47:35 +0300
Processing by Devise::PasswordsController#new as HTML
  Rendered devise/shared/_links.html.haml (0.7ms)
  Rendered /home/alex-pc/.rvm/gems/ruby-1.9.3-p392/gems/devise-2.2.4/app/views/devise/passwords/new.html.erb within layouts/application (3.6ms)
  Rendered layouts/_navigation.html.haml (0.8ms)
  Rendered layouts/_messages.html.haml (0.1ms)
Completed 200 OK in 51ms (Views: 50.4ms | ActiveRecord: 0.0ms)


Started POST "/users/password" for 127.0.0.1 at 2013-05-08 16:47:39 +0300
Processing by Devise::PasswordsController#create as HTML
  Parameters: {"utf8"=>"✓", "authenticity_token"=>"Z+UuRzWXgWstw4FIviINmHHXZiH2KvAbfVJbXQtBkrE=", "user"=>{"email"=>"lesha0-lesha0@mail.ru"}, "commit"=>"Send me reset password instructions"}
  [1m[35mUser Load (0.3ms)[0m  SELECT `users`.* FROM `users` WHERE `users`.`email` = 'lesha0-lesha0@mail.ru' LIMIT 1
  Rendered /home/alex-pc/.rvm/gems/ruby-1.9.3-p392/gems/devise-2.2.4/app/views/devise/mailer/reset_password_instructions.html.erb (0.9ms)

Sent mail to lesha0-lesha0@mail.ru (44ms)
Date: Wed, 08 May 2013 16:47:40 +0300
From: orm1mini@gmail.com
Reply-To: orm1mini@gmail.com
To: lesha0-lesha0@mail.ru
Message-ID: <518a577c54611_33b019e5678244f6@alexpc-linux.local.mail>
Subject: Reset password instructions
Mime-Version: 1.0
Content-Type: text/html;
 charset=UTF-8
Content-Transfer-Encoding: 7bit

<p>Hello lesha0-lesha0@mail.ru!</p>

<p>Someone has requested a link to change your password. You can do this through the link below.</p>

<p><a href="http://localhost:3000/users/password/edit?reset_password_token=biNCsNkUURKjwqGDE7xB">Change my password</a></p>

<p>If you didn't request this, please ignore this email.</p>
<p>Your password won't change until you access the link above and create a new one.</p>

Redirected to http://0.0.0.0:3000/users/sign_in
Completed 302 Found in 934ms (ActiveRecord: 0.0ms)


Started GET "/users/sign_in" for 127.0.0.1 at 2013-05-08 16:47:40 +0300
Processing by Devise::SessionsController#new as HTML
  Rendered devise/shared/_links.html.haml (0.5ms)
  Rendered devise/sessions/new.html.haml within layouts/application (10.5ms)
  Rendered layouts/_navigation.html.haml (0.8ms)
  Rendered layouts/_messages.html.haml (0.1ms)
Completed 200 OK in 59ms (Views: 57.4ms | ActiveRecord: 0.0ms)
Connecting to database specified by database.yml


Started GET "/" for 127.0.0.1 at 2013-05-08 16:55:24 +0300
Processing by HomeController#index as HTML
  [1m[36mUser Load (0.1ms)[0m  [1mSELECT `users`.* FROM `users` [0m
  Rendered home/index.html.haml within layouts/application (5.9ms)
  Rendered layouts/_navigation.html.haml (2.9ms)
  Rendered layouts/_messages.html.haml (1.0ms)
Completed 200 OK in 227ms (Views: 134.2ms | ActiveRecord: 1.1ms)


Started GET "/users/sign_up" for 127.0.0.1 at 2013-05-08 16:55:27 +0300
Processing by Devise::RegistrationsController#new as HTML
  Rendered devise/shared/_links.html.haml (2.8ms)
  Rendered devise/registrations/new.html.haml within layouts/application (256.0ms)
  Rendered layouts/_navigation.html.haml (0.8ms)
  Rendered layouts/_messages.html.haml (0.1ms)
Completed 200 OK in 302ms (Views: 301.3ms | ActiveRecord: 0.0ms)


Started GET "/users/sign_in" for 127.0.0.1 at 2013-05-08 16:55:29 +0300
Processing by Devise::SessionsController#new as HTML
  Rendered devise/shared/_links.html.haml (0.6ms)
  Rendered devise/sessions/new.html.haml within layouts/application (10.9ms)
  Rendered layouts/_navigation.html.haml (0.8ms)
  Rendered layouts/_messages.html.haml (0.1ms)
Completed 200 OK in 58ms (Views: 57.0ms | ActiveRecord: 0.0ms)


Started GET "/users/password/new" for 127.0.0.1 at 2013-05-08 16:55:31 +0300
Processing by Devise::PasswordsController#new as HTML
  Rendered devise/shared/_links.html.haml (0.5ms)
  Rendered /home/alex-pc/.rvm/gems/ruby-1.9.3-p392/gems/devise-2.2.4/app/views/devise/passwords/new.html.erb within layouts/application (3.2ms)
  Rendered layouts/_navigation.html.haml (0.8ms)
  Rendered layouts/_messages.html.haml (0.1ms)
Completed 200 OK in 49ms (Views: 48.1ms | ActiveRecord: 0.0ms)


Started POST "/users/password" for 127.0.0.1 at 2013-05-08 16:55:35 +0300
Processing by Devise::PasswordsController#create as HTML
  Parameters: {"utf8"=>"✓", "authenticity_token"=>"Z+UuRzWXgWstw4FIviINmHHXZiH2KvAbfVJbXQtBkrE=", "user"=>{"email"=>"lesha0-lesha0@mail.ru"}, "commit"=>"Send me reset password instructions"}
  [1m[35mUser Load (0.3ms)[0m  SELECT `users`.* FROM `users` WHERE `users`.`email` = 'lesha0-lesha0@mail.ru' LIMIT 1
  Rendered /home/alex-pc/.rvm/gems/ruby-1.9.3-p392/gems/devise-2.2.4/app/views/devise/mailer/reset_password_instructions.html.erb (3.8ms)

Sent mail to lesha0-lesha0@mail.ru (41ms)
Date: Wed, 08 May 2013 16:55:36 +0300
From: orm1mini@gmail.com
Reply-To: orm1mini@gmail.com
To: lesha0-lesha0@mail.ru
Message-ID: <518a5958370e6_34863fac180080f875890@alexpc-linux.local.mail>
Subject: Reset password instructions
Mime-Version: 1.0
Content-Type: text/html;
 charset=UTF-8
Content-Transfer-Encoding: 7bit

<p>Hello lesha0-lesha0@mail.ru!</p>

<p>Someone has requested a link to change your password. You can do this through the link below.</p>

<p><a href="http://gmail.com/users/password/edit?reset_password_token=biNCsNkUURKjwqGDE7xB">Change my password</a></p>

<p>If you didn't request this, please ignore this email.</p>
<p>Your password won't change until you access the link above and create a new one.</p>

Redirected to http://0.0.0.0:3000/users/sign_in
Completed 302 Found in 931ms (ActiveRecord: 0.0ms)


Started GET "/users/sign_in" for 127.0.0.1 at 2013-05-08 16:55:36 +0300
Processing by Devise::SessionsController#new as HTML
  Rendered devise/shared/_links.html.haml (0.4ms)
  Rendered devise/sessions/new.html.haml within layouts/application (8.9ms)
  Rendered layouts/_navigation.html.haml (0.9ms)
  Rendered layouts/_messages.html.haml (0.1ms)
Completed 200 OK in 86ms (Views: 85.2ms | ActiveRecord: 0.0ms)
Connecting to database specified by database.yml


Started GET "/" for 127.0.0.1 at 2013-05-08 17:02:39 +0300
Processing by HomeController#index as HTML
  [1m[36mUser Load (0.4ms)[0m  [1mSELECT `users`.* FROM `users` [0m
  Rendered home/index.html.haml within layouts/application (5.4ms)
  Rendered layouts/_navigation.html.haml (2.9ms)
  Rendered layouts/_messages.html.haml (1.0ms)
Completed 200 OK in 240ms (Views: 129.2ms | ActiveRecord: 3.5ms)


Started GET "/" for 127.0.0.1 at 2013-05-08 17:02:44 +0300
Processing by HomeController#index as HTML
  [1m[35mUser Load (0.2ms)[0m  SELECT `users`.* FROM `users` 
  Rendered home/index.html.haml within layouts/application (0.8ms)
  Rendered layouts/_navigation.html.haml (0.8ms)
  Rendered layouts/_messages.html.haml (0.1ms)
Completed 200 OK in 75ms (Views: 73.5ms | ActiveRecord: 0.2ms)


Started GET "/users/sign_in" for 127.0.0.1 at 2013-05-08 17:02:47 +0300
Processing by Devise::SessionsController#new as HTML
  Rendered devise/shared/_links.html.haml (2.7ms)
  Rendered devise/sessions/new.html.haml within layouts/application (248.5ms)
  Rendered layouts/_navigation.html.haml (0.9ms)
  Rendered layouts/_messages.html.haml (0.2ms)
Completed 200 OK in 326ms (Views: 324.4ms | ActiveRecord: 0.0ms)


Started GET "/users/password/new" for 127.0.0.1 at 2013-05-08 17:02:48 +0300
Processing by Devise::PasswordsController#new as HTML
  Rendered devise/shared/_links.html.haml (0.6ms)
  Rendered /home/alex-pc/.rvm/gems/ruby-1.9.3-p392/gems/devise-2.2.4/app/views/devise/passwords/new.html.erb within layouts/application (3.5ms)
  Rendered layouts/_navigation.html.haml (0.8ms)
  Rendered layouts/_messages.html.haml (0.1ms)
Completed 200 OK in 81ms (Views: 79.9ms | ActiveRecord: 0.0ms)


Started POST "/users/password" for 127.0.0.1 at 2013-05-08 17:02:52 +0300
Processing by Devise::PasswordsController#create as HTML
  Parameters: {"utf8"=>"✓", "authenticity_token"=>"Z+UuRzWXgWstw4FIviINmHHXZiH2KvAbfVJbXQtBkrE=", "user"=>{"email"=>"lesha0-lesha0@mail.ru"}, "commit"=>"Send me reset password instructions"}
  [1m[36mUser Load (0.3ms)[0m  [1mSELECT `users`.* FROM `users` WHERE `users`.`email` = 'lesha0-lesha0@mail.ru' LIMIT 1[0m
  Rendered /home/alex-pc/.rvm/gems/ruby-1.9.3-p392/gems/devise-2.2.4/app/views/devise/mailer/reset_password_instructions.html.erb (0.9ms)

Sent mail to lesha0-lesha0@mail.ru (42ms)
Date: Wed, 08 May 2013 17:02:52 +0300
From: orm1mini@gmail.com
Reply-To: orm1mini@gmail.com
To: lesha0-lesha0@mail.ru
Message-ID: <518a5b0ce7669_354b1e7a6fc4181f@alexpc-linux.local.mail>
Subject: Reset password instructions
Mime-Version: 1.0
Content-Type: text/html;
 charset=UTF-8
Content-Transfer-Encoding: 7bit

<p>Hello lesha0-lesha0@mail.ru!</p>

<p>Someone has requested a link to change your password. You can do this through the link below.</p>

<p><a href="http://localhost:3000/users/password/edit?reset_password_token=biNCsNkUURKjwqGDE7xB">Change my password</a></p>

<p>If you didn't request this, please ignore this email.</p>
<p>Your password won't change until you access the link above and create a new one.</p>

Redirected to http://0.0.0.0:3000/users/sign_in
Completed 302 Found in 985ms (ActiveRecord: 0.0ms)


Started GET "/users/sign_in" for 127.0.0.1 at 2013-05-08 17:02:53 +0300
Processing by Devise::SessionsController#new as HTML
  Rendered devise/shared/_links.html.haml (0.5ms)
  Rendered devise/sessions/new.html.haml within layouts/application (10.0ms)
  Rendered layouts/_navigation.html.haml (0.9ms)
  Rendered layouts/_messages.html.haml (0.2ms)
Completed 200 OK in 89ms (Views: 87.7ms | ActiveRecord: 0.0ms)
Connecting to database specified by database.yml


Started GET "/" for 127.0.0.1 at 2013-05-08 17:07:47 +0300
Processing by HomeController#index as HTML
  [1m[36mUser Load (0.1ms)[0m  [1mSELECT `users`.* FROM `users` [0m
  Rendered home/index.html.haml within layouts/application (5.3ms)
  Rendered layouts/_navigation.html.haml (3.0ms)
  Rendered layouts/_messages.html.haml (1.0ms)
Completed 200 OK in 226ms (Views: 127.2ms | ActiveRecord: 1.1ms)


Started GET "/users/sign_in" for 127.0.0.1 at 2013-05-08 17:07:56 +0300
Processing by Devise::SessionsController#new as HTML
  Rendered devise/shared/_links.html.haml (2.7ms)
  Rendered devise/sessions/new.html.haml within layouts/application (267.9ms)
  Rendered layouts/_navigation.html.haml (0.8ms)
  Rendered layouts/_messages.html.haml (0.1ms)
Completed 200 OK in 314ms (Views: 313.1ms | ActiveRecord: 0.0ms)


Started GET "/users/password/new" for 127.0.0.1 at 2013-05-08 17:07:58 +0300
Processing by Devise::PasswordsController#new as HTML
  Rendered devise/shared/_links.html.haml (0.8ms)
  Rendered /home/alex-pc/.rvm/gems/ruby-1.9.3-p392/gems/devise-2.2.4/app/views/devise/passwords/new.html.erb within layouts/application (36.5ms)
  Rendered layouts/_navigation.html.haml (0.8ms)
  Rendered layouts/_messages.html.haml (0.1ms)
Completed 200 OK in 79ms (Views: 78.2ms | ActiveRecord: 0.0ms)


Started POST "/users/password" for 127.0.0.1 at 2013-05-08 17:08:01 +0300
Processing by Devise::PasswordsController#create as HTML
  Parameters: {"utf8"=>"✓", "authenticity_token"=>"Z+UuRzWXgWstw4FIviINmHHXZiH2KvAbfVJbXQtBkrE=", "user"=>{"email"=>"lesha0-lesha0@mail.ru"}, "commit"=>"Send me reset password instructions"}
  [1m[35mUser Load (0.1ms)[0m  SELECT `users`.* FROM `users` WHERE `users`.`email` = 'lesha0-lesha0@mail.ru' LIMIT 1
  Rendered /home/alex-pc/.rvm/gems/ruby-1.9.3-p392/gems/devise-2.2.4/app/views/devise/mailer/reset_password_instructions.html.erb (1.0ms)

Sent mail to lesha0-lesha0@mail.ru (602ms)
Date: Wed, 08 May 2013 17:08:02 +0300
From: orm1mini@gmail.com
Reply-To: orm1mini@gmail.com
To: lesha0-lesha0@mail.ru
Message-ID: <518a5c421f10f_35fb1fb2d1c32651@alexpc-linux.local.mail>
Subject: Reset password instructions
Mime-Version: 1.0
Content-Type: text/html;
 charset=UTF-8
Content-Transfer-Encoding: 7bit

<p>Hello lesha0-lesha0@mail.ru!</p>

<p>Someone has requested a link to change your password. You can do this through the link below.</p>

<p><a href="http://localhost:3000/users/password/edit?reset_password_token=biNCsNkUURKjwqGDE7xB">Change my password</a></p>

<p>If you didn't request this, please ignore this email.</p>
<p>Your password won't change until you access the link above and create a new one.</p>

Completed 500 Internal Server Error in 1543ms

Net::SMTPAuthenticationError - 530-5.5.1 Authentication Required. Learn more at
:
  /home/alex-pc/.rvm/rubies/ruby-1.9.3-p392/lib/ruby/1.9.1/net/smtp.rb:948:in `check_response'
  /home/alex-pc/.rvm/rubies/ruby-1.9.3-p392/lib/ruby/1.9.1/net/smtp.rb:917:in `getok'
  /home/alex-pc/.rvm/rubies/ruby-1.9.3-p392/lib/ruby/1.9.1/net/smtp.rb:832:in `mailfrom'
  /home/alex-pc/.rvm/rubies/ruby-1.9.3-p392/lib/ruby/1.9.1/net/smtp.rb:659:in `send_message'
  (gem) mail-2.5.3/lib/mail/network/delivery_methods/smtp.rb:137:in `block in deliver!'
  /home/alex-pc/.rvm/rubies/ruby-1.9.3-p392/lib/ruby/1.9.1/net/smtp.rb:520:in `start'
  (gem) mail-2.5.3/lib/mail/network/delivery_methods/smtp.rb:136:in `deliver!'
  (gem) mail-2.5.3/lib/mail/message.rb:2033:in `do_delivery'
  (gem) mail-2.5.3/lib/mail/message.rb:229:in `block in deliver'
  (gem) actionmailer-3.2.13/lib/action_mailer/base.rb:415:in `block in deliver_mail'
  (gem) activesupport-3.2.13/lib/active_support/notifications.rb:123:in `block in instrument'
  (gem) activesupport-3.2.13/lib/active_support/notifications/instrumenter.rb:20:in `instrument'
  (gem) activesupport-3.2.13/lib/active_support/notifications.rb:123:in `instrument'
  (gem) actionmailer-3.2.13/lib/action_mailer/base.rb:413:in `deliver_mail'
  (gem) mail-2.5.3/lib/mail/message.rb:229:in `deliver'
  (gem) devise-2.2.4/lib/devise/models/authenticatable.rb:174:in `send_devise_notification'
  (gem) devise-2.2.4/lib/devise/models/recoverable.rb:48:in `send_reset_password_instructions'
  (gem) devise-2.2.4/lib/devise/models/recoverable.rb:110:in `send_reset_password_instructions'
  (gem) devise-2.2.4/app/controllers/devise/passwords_controller.rb:13:in `create'
  (gem) actionpack-3.2.13/lib/action_controller/metal/implicit_render.rb:4:in `send_action'
  (gem) actionpack-3.2.13/lib/abstract_controller/base.rb:167:in `process_action'
  (gem) actionpack-3.2.13/lib/action_controller/metal/rendering.rb:10:in `process_action'
  (gem) actionpack-3.2.13/lib/abstract_controller/callbacks.rb:18:in `block in process_action'
  (gem) activesupport-3.2.13/lib/active_support/callbacks.rb:436:in `_run__754575037707689937__process_action__1009428845998459651__callbacks'
  (gem) activesupport-3.2.13/lib/active_support/callbacks.rb:405:in `__run_callback'
  (gem) activesupport-3.2.13/lib/active_support/callbacks.rb:385:in `_run_process_action_callbacks'
  (gem) activesupport-3.2.13/lib/active_support/callbacks.rb:81:in `run_callbacks'
  (gem) actionpack-3.2.13/lib/abstract_controller/callbacks.rb:17:in `process_action'
  (gem) actionpack-3.2.13/lib/action_controller/metal/rescue.rb:29:in `process_action'
  (gem) actionpack-3.2.13/lib/action_controller/metal/instrumentation.rb:30:in `block in process_action'
  (gem) activesupport-3.2.13/lib/active_support/notifications.rb:123:in `block in instrument'
  (gem) activesupport-3.2.13/lib/active_support/notifications/instrumenter.rb:20:in `instrument'
  (gem) activesupport-3.2.13/lib/active_support/notifications.rb:123:in `instrument'
  (gem) actionpack-3.2.13/lib/action_controller/metal/instrumentation.rb:29:in `process_action'
  (gem) actionpack-3.2.13/lib/action_controller/metal/params_wrapper.rb:207:in `process_action'
  (gem) activerecord-3.2.13/lib/active_record/railties/controller_runtime.rb:18:in `process_action'
  (gem) actionpack-3.2.13/lib/abstract_controller/base.rb:121:in `process'
  (gem) actionpack-3.2.13/lib/abstract_controller/rendering.rb:45:in `process'
  (gem) actionpack-3.2.13/lib/action_controller/metal.rb:203:in `dispatch'
  (gem) actionpack-3.2.13/lib/action_controller/metal/rack_delegation.rb:14:in `dispatch'
  (gem) actionpack-3.2.13/lib/action_controller/metal.rb:246:in `block in action'
  (gem) actionpack-3.2.13/lib/action_dispatch/routing/route_set.rb:73:in `dispatch'
  (gem) actionpack-3.2.13/lib/action_dispatch/routing/route_set.rb:36:in `call'
  (gem) actionpack-3.2.13/lib/action_dispatch/routing/mapper.rb:42:in `call'
  (gem) journey-1.0.4/lib/journey/router.rb:68:in `block in call'
  (gem) journey-1.0.4/lib/journey/router.rb:56:in `call'
  (gem) actionpack-3.2.13/lib/action_dispatch/routing/route_set.rb:612:in `call'
  (gem) warden-1.2.1/lib/warden/manager.rb:35:in `block in call'
  (gem) warden-1.2.1/lib/warden/manager.rb:34:in `call'
  (gem) actionpack-3.2.13/lib/action_dispatch/middleware/best_standards_support.rb:17:in `call'
  (gem) rack-1.4.5/lib/rack/etag.rb:23:in `call'
  (gem) rack-1.4.5/lib/rack/conditionalget.rb:35:in `call'
  (gem) actionpack-3.2.13/lib/action_dispatch/middleware/head.rb:14:in `call'
  (gem) actionpack-3.2.13/lib/action_dispatch/middleware/params_parser.rb:21:in `call'
  (gem) actionpack-3.2.13/lib/action_dispatch/middleware/flash.rb:242:in `call'
  (gem) rack-1.4.5/lib/rack/session/abstract/id.rb:210:in `context'
  (gem) rack-1.4.5/lib/rack/session/abstract/id.rb:205:in `call'
  (gem) actionpack-3.2.13/lib/action_dispatch/middleware/cookies.rb:341:in `call'
  (gem) activerecord-3.2.13/lib/active_record/query_cache.rb:64:in `call'
  (gem) activerecord-3.2.13/lib/active_record/connection_adapters/abstract/connection_pool.rb:479:in `call'
  (gem) actionpack-3.2.13/lib/action_dispatch/middleware/callbacks.rb:28:in `block in call'
  (gem) activesupport-3.2.13/lib/active_support/callbacks.rb:405:in `_run__2447820803513568473__call__3738182230520295311__callbacks'
  (gem) activesupport-3.2.13/lib/active_support/callbacks.rb:405:in `__run_callback'
  (gem) activesupport-3.2.13/lib/active_support/callbacks.rb:385:in `_run_call_callbacks'
  (gem) activesupport-3.2.13/lib/active_support/callbacks.rb:81:in `run_callbacks'
  (gem) actionpack-3.2.13/lib/action_dispatch/middleware/callbacks.rb:27:in `call'
  (gem) actionpack-3.2.13/lib/action_dispatch/middleware/reloader.rb:65:in `call'
  (gem) actionpack-3.2.13/lib/action_dispatch/middleware/remote_ip.rb:31:in `call'
  (gem) better_errors-0.8.0/lib/better_errors/middleware.rb:84:in `protected_app_call'
  (gem) better_errors-0.8.0/lib/better_errors/middleware.rb:79:in `better_errors_call'
  (gem) better_errors-0.8.0/lib/better_errors/middleware.rb:56:in `call'
  (gem) actionpack-3.2.13/lib/action_dispatch/middleware/debug_exceptions.rb:16:in `call'
  (gem) actionpack-3.2.13/lib/action_dispatch/middleware/show_exceptions.rb:56:in `call'
  (gem) railties-3.2.13/lib/rails/rack/logger.rb:32:in `call_app'
  (gem) railties-3.2.13/lib/rails/rack/logger.rb:16:in `block in call'
  (gem) activesupport-3.2.13/lib/active_support/tagged_logging.rb:22:in `tagged'
  (gem) railties-3.2.13/lib/rails/rack/logger.rb:16:in `call'
  (gem) quiet_assets-1.0.2/lib/quiet_assets.rb:18:in `call_with_quiet_assets'
  (gem) actionpack-3.2.13/lib/action_dispatch/middleware/request_id.rb:22:in `call'
  (gem) rack-1.4.5/lib/rack/methodoverride.rb:21:in `call'
  (gem) rack-1.4.5/lib/rack/runtime.rb:17:in `call'
  (gem) activesupport-3.2.13/lib/active_support/cache/strategy/local_cache.rb:72:in `call'
  (gem) rack-1.4.5/lib/rack/lock.rb:15:in `call'
  (gem) actionpack-3.2.13/lib/action_dispatch/middleware/static.rb:63:in `call'
  (gem) railties-3.2.13/lib/rails/engine.rb:479:in `call'
  (gem) railties-3.2.13/lib/rails/application.rb:223:in `call'
  (gem) rack-1.4.5/lib/rack/content_length.rb:14:in `call'
  (gem) railties-3.2.13/lib/rails/rack/log_tailer.rb:17:in `call'
  (gem) rack-1.4.5/lib/rack/handler/webrick.rb:59:in `service'
  /home/alex-pc/.rvm/rubies/ruby-1.9.3-p392/lib/ruby/1.9.1/webrick/httpserver.rb:138:in `service'
  /home/alex-pc/.rvm/rubies/ruby-1.9.3-p392/lib/ruby/1.9.1/webrick/httpserver.rb:94:in `run'
  /home/alex-pc/.rvm/rubies/ruby-1.9.3-p392/lib/ruby/1.9.1/webrick/server.rb:191:in `block in start_thread'



Started POST "/__better_errors/32146360/variables" for 127.0.0.1 at 2013-05-08 17:08:02 +0300


Started POST "/__better_errors/32146360/variables" for 127.0.0.1 at 2013-05-08 17:08:58 +0300


Started POST "/__better_errors/32146360/variables" for 127.0.0.1 at 2013-05-08 17:08:59 +0300


Started POST "/__better_errors/32146360/variables" for 127.0.0.1 at 2013-05-08 17:09:00 +0300


Started POST "/__better_errors/32146360/variables" for 127.0.0.1 at 2013-05-08 17:09:01 +0300


Started POST "/__better_errors/32146360/variables" for 127.0.0.1 at 2013-05-08 17:09:02 +0300


Started POST "/__better_errors/32146360/variables" for 127.0.0.1 at 2013-05-08 17:09:02 +0300


Started POST "/__better_errors/32146360/variables" for 127.0.0.1 at 2013-05-08 17:09:03 +0300


Started POST "/__better_errors/32146360/variables" for 127.0.0.1 at 2013-05-08 17:09:04 +0300


Started POST "/__better_errors/32146360/variables" for 127.0.0.1 at 2013-05-08 17:09:06 +0300


Started POST "/__better_errors/32146360/variables" for 127.0.0.1 at 2013-05-08 17:09:06 +0300


Started POST "/__better_errors/32146360/variables" for 127.0.0.1 at 2013-05-08 17:09:51 +0300


Started POST "/__better_errors/32146360/variables" for 127.0.0.1 at 2013-05-08 17:09:51 +0300


Started POST "/__better_errors/32146360/variables" for 127.0.0.1 at 2013-05-08 17:09:52 +0300


Started POST "/__better_errors/32146360/variables" for 127.0.0.1 at 2013-05-08 17:09:52 +0300


Started POST "/__better_errors/32146360/variables" for 127.0.0.1 at 2013-05-08 17:09:58 +0300
Connecting to database specified by database.yml


Started GET "/" for 127.0.0.1 at 2013-05-08 17:10:30 +0300
Processing by HomeController#index as HTML
  [1m[36mUser Load (0.1ms)[0m  [1mSELECT `users`.* FROM `users` [0m
  Rendered home/index.html.haml within layouts/application (5.6ms)
  Rendered layouts/_navigation.html.haml (3.6ms)
  Rendered layouts/_messages.html.haml (1.1ms)
Completed 200 OK in 226ms (Views: 130.6ms | ActiveRecord: 1.1ms)


Started GET "/users/sign_up" for 127.0.0.1 at 2013-05-08 17:10:32 +0300
Processing by Devise::RegistrationsController#new as HTML
  Rendered devise/shared/_links.html.haml (2.9ms)
  Rendered devise/registrations/new.html.haml within layouts/application (247.8ms)
  Rendered layouts/_navigation.html.haml (0.8ms)
  Rendered layouts/_messages.html.haml (0.1ms)
Completed 200 OK in 293ms (Views: 291.8ms | ActiveRecord: 0.0ms)


Started GET "/users/password/new" for 127.0.0.1 at 2013-05-08 17:10:34 +0300
Processing by Devise::PasswordsController#new as HTML
  Rendered devise/shared/_links.html.haml (0.7ms)
  Rendered /home/alex-pc/.rvm/gems/ruby-1.9.3-p392/gems/devise-2.2.4/app/views/devise/passwords/new.html.erb within layouts/application (3.6ms)
  Rendered layouts/_navigation.html.haml (0.8ms)
  Rendered layouts/_messages.html.haml (0.1ms)
Completed 200 OK in 49ms (Views: 48.1ms | ActiveRecord: 0.0ms)


Started POST "/users/password" for 127.0.0.1 at 2013-05-08 17:10:40 +0300
Processing by Devise::PasswordsController#create as HTML
  Parameters: {"utf8"=>"✓", "authenticity_token"=>"Z+UuRzWXgWstw4FIviINmHHXZiH2KvAbfVJbXQtBkrE=", "user"=>{"email"=>"lesha0-lesha0@mail.ru"}, "commit"=>"Send me reset password instructions"}
  [1m[35mUser Load (0.1ms)[0m  SELECT `users`.* FROM `users` WHERE `users`.`email` = 'lesha0-lesha0@mail.ru' LIMIT 1
  Rendered /home/alex-pc/.rvm/gems/ruby-1.9.3-p392/gems/devise-2.2.4/app/views/devise/mailer/reset_password_instructions.html.erb (1.0ms)

Sent mail to lesha0-lesha0@mail.ru (2032ms)
Date: Wed, 08 May 2013 17:10:41 +0300
From: orm1mini@gmail.com
Reply-To: orm1mini@gmail.com
To: lesha0-lesha0@mail.ru
Message-ID: <518a5ce132e87_367015067b017077@alexpc-linux.local.mail>
Subject: Reset password instructions
Mime-Version: 1.0
Content-Type: text/html;
 charset=UTF-8
Content-Transfer-Encoding: 7bit

<p>Hello lesha0-lesha0@mail.ru!</p>

<p>Someone has requested a link to change your password. You can do this through the link below.</p>

<p><a href="http://localhost:3000/users/password/edit?reset_password_token=biNCsNkUURKjwqGDE7xB">Change my password</a></p>

<p>If you didn't request this, please ignore this email.</p>
<p>Your password won't change until you access the link above and create a new one.</p>

Redirected to http://0.0.0.0:3000/users/sign_in
Completed 302 Found in 2977ms (ActiveRecord: 0.0ms)


Started GET "/users/sign_in" for 127.0.0.1 at 2013-05-08 17:10:43 +0300
Processing by Devise::SessionsController#new as HTML
  Rendered devise/shared/_links.html.haml (0.4ms)
  Rendered devise/sessions/new.html.haml within layouts/application (9.9ms)
  Rendered layouts/_navigation.html.haml (0.8ms)
  Rendered layouts/_messages.html.haml (0.1ms)
Completed 200 OK in 52ms (Views: 51.4ms | ActiveRecord: 0.0ms)


Started GET "/users/password/edit?reset_password_token=[FILTERED]" for 127.0.0.1 at 2013-05-08 17:10:56 +0300
Processing by Devise::PasswordsController#edit as HTML
  Parameters: {"reset_password_token"=>"[FILTERED]"}
  Rendered devise/shared/_links.html.haml (0.6ms)
  Rendered /home/alex-pc/.rvm/gems/ruby-1.9.3-p392/gems/devise-2.2.4/app/views/devise/passwords/edit.html.erb within layouts/application (3.5ms)
  Rendered layouts/_navigation.html.haml (0.9ms)
  Rendered layouts/_messages.html.haml (0.1ms)
Completed 200 OK in 100ms (Views: 98.6ms | ActiveRecord: 0.0ms)


Started PUT "/users/password" for 127.0.0.1 at 2013-05-08 17:11:06 +0300
Processing by Devise::PasswordsController#update as HTML
  Parameters: {"utf8"=>"✓", "authenticity_token"=>"PfjxrwKA14i+0qJxNpeC7Yr/p2w54klMn2Vo9G1PLXU=", "user"=>{"reset_password_token"=>"[FILTERED]", "password"=>"[FILTERED]", "password_confirmation"=>"[FILTERED]"}, "commit"=>"Change my password"}
  [1m[36mUser Load (0.3ms)[0m  [1mSELECT `users`.* FROM `users` WHERE `users`.`reset_password_token` = 'biNCsNkUURKjwqGDE7xB' LIMIT 1[0m
  [1m[35m (0.1ms)[0m  BEGIN
  [1m[36m (1.9ms)[0m  [1mUPDATE `users` SET `encrypted_password` = '$2a$10$YtCNV4GR3sqx387M45Ei3OWvCfkzDU2YiuNGnE3crHRl1X7nBvBG6', `reset_password_token` = NULL, `reset_password_sent_at` = NULL, `updated_at` = '2013-05-08 14:11:06' WHERE `users`.`id` = 2[0m
  [1m[35m (30.9ms)[0m  COMMIT
  [1m[36m (0.2ms)[0m  [1mBEGIN[0m
  [1m[35m (0.6ms)[0m  UPDATE `users` SET `last_sign_in_at` = '2013-05-08 12:45:24', `current_sign_in_at` = '2013-05-08 14:11:06', `sign_in_count` = 3, `updated_at` = '2013-05-08 14:11:06' WHERE `users`.`id` = 2
  [1m[36m (32.1ms)[0m  [1mCOMMIT[0m
Redirected to http://localhost:3000/
Completed 302 Found in 194ms (ActiveRecord: 0.0ms)


Started GET "/" for 127.0.0.1 at 2013-05-08 17:11:06 +0300
  [1m[35mUser Load (0.3ms)[0m  SELECT `users`.* FROM `users` WHERE `users`.`id` = 2 LIMIT 1
Processing by HomeController#index as HTML
  [1m[36mUser Load (0.3ms)[0m  [1mSELECT `users`.* FROM `users` [0m
  Rendered home/index.html.haml within layouts/application (0.8ms)
  [1m[35m (0.2ms)[0m  SELECT COUNT(*) FROM `roles` INNER JOIN `users_roles` ON `roles`.`id` = `users_roles`.`role_id` WHERE `users_roles`.`user_id` = 2 AND (((roles.name = 'admin') AND (roles.resource_type IS NULL) AND (roles.resource_id IS NULL)))
  Rendered layouts/_navigation.html.haml (123.5ms)
  Rendered layouts/_messages.html.haml (0.2ms)
Completed 200 OK in 165ms (Views: 160.0ms | ActiveRecord: 3.5ms)
